[0613/131201.588:ERROR:process_reader_win.cc(123)] NtOpenThread: {Access Denied} A process has requested access to an object, but has not been granted those access rights. (0xc0000022)
[0613/131201.623:ERROR:exception_snapshot_win.cc(88)] thread ID 40760 not found in process
[0613/131201.623:WARNING:crash_report_exception_handler.cc(62)] ProcessSnapshotWin::Initialize failed
[0613/141016.452:ERROR:process_reader_win.cc(123)] NtOpenThread: {Access Denied} A process has requested access to an object, but has not been granted those access rights. (0xc0000022)
[0613/141016.666:ERROR:exception_snapshot_win.cc(88)] thread ID 39680 not found in process
[0613/141016.667:WARNING:crash_report_exception_handler.cc(62)] ProcessSnapshotWin::Initialize failed
[0613/152156.006:ERROR:process_reader_win.cc(123)] NtOpenThread: {Access Denied} A process has requested access to an object, but has not been granted those access rights. (0xc0000022)
[0613/152156.057:ERROR:exception_snapshot_win.cc(88)] thread ID 28524 not found in process
[0613/152156.057:WARNING:crash_report_exception_handler.cc(62)] ProcessSnapshotWin::Initialize failed
[0613/152157.929:ERROR:process_reader_win.cc(123)] NtOpenThread: {Access Denied} A process has requested access to an object, but has not been granted those access rights. (0xc0000022)
[0613/152157.930:ERROR:exception_snapshot_win.cc(88)] thread ID 37348 not found in process
[0613/152157.930:WARNING:crash_report_exception_handler.cc(62)] ProcessSnapshotWin::Initialize failed
[0613/152159.686:ERROR:process_reader_win.cc(123)] NtOpenThread: {Access Denied} A process has requested access to an object, but has not been granted those access rights. (0xc0000022)
[0613/152159.687:ERROR:exception_snapshot_win.cc(88)] thread ID 19768 not found in process
[0613/152159.687:WARNING:crash_report_exception_handler.cc(62)] ProcessSnapshotWin::Initialize failed
[0613/152746.846:ERROR:process_reader_win.cc(123)] NtOpenThread: {Access Denied} A process has requested access to an object, but has not been granted those access rights. (0xc0000022)
[0613/152746.848:ERROR:exception_snapshot_win.cc(88)] thread ID 22076 not found in process
[0613/152746.848:WARNING:crash_report_exception_handler.cc(62)] ProcessSnapshotWin::Initialize failed
[0613/152755.708:ERROR:process_reader_win.cc(123)] NtOpenThread: {Access Denied} A process has requested access to an object, but has not been granted those access rights. (0xc0000022)
[0613/152755.709:ERROR:exception_snapshot_win.cc(88)] thread ID 37712 not found in process
[0613/152755.709:WARNING:crash_report_exception_handler.cc(62)] ProcessSnapshotWin::Initialize failed
[0613/152757.917:ERROR:process_reader_win.cc(123)] NtOpenThread: {Access Denied} A process has requested access to an object, but has not been granted those access rights. (0xc0000022)
[0613/152757.919:ERROR:exception_snapshot_win.cc(88)] thread ID 33972 not found in process
[0613/152757.919:WARNING:crash_report_exception_handler.cc(62)] ProcessSnapshotWin::Initialize failed
[0613/152759.556:ERROR:process_reader_win.cc(123)] NtOpenThread: {Access Denied} A process has requested access to an object, but has not been granted those access rights. (0xc0000022)
[0613/152759.557:ERROR:exception_snapshot_win.cc(88)] thread ID 3456 not found in process
[0613/152759.557:WARNING:crash_report_exception_handler.cc(62)] ProcessSnapshotWin::Initialize failed
[0613/153230.725:ERROR:process_reader_win.cc(123)] NtOpenThread: {Access Denied} A process has requested access to an object, but has not been granted those access rights. (0xc0000022)
[0613/153230.766:ERROR:exception_snapshot_win.cc(88)] thread ID 37496 not found in process
[0613/153230.766:WARNING:crash_report_exception_handler.cc(62)] ProcessSnapshotWin::Initialize failed
[0613/153232.890:ERROR:process_reader_win.cc(123)] NtOpenThread: {Access Denied} A process has requested access to an object, but has not been granted those access rights. (0xc0000022)
[0613/153232.891:ERROR:exception_snapshot_win.cc(88)] thread ID 26856 not found in process
[0613/153232.891:WARNING:crash_report_exception_handler.cc(62)] ProcessSnapshotWin::Initialize failed
[0613/153234.803:ERROR:process_reader_win.cc(123)] NtOpenThread: {Access Denied} A process has requested access to an object, but has not been granted those access rights. (0xc0000022)
[0613/153234.804:ERROR:exception_snapshot_win.cc(88)] thread ID 34072 not found in process
[0613/153234.804:WARNING:crash_report_exception_handler.cc(62)] ProcessSnapshotWin::Initialize failed
[0613/153236.314:ERROR:process_reader_win.cc(123)] NtOpenThread: {Access Denied} A process has requested access to an object, but has not been granted those access rights. (0xc0000022)
[0613/153236.315:ERROR:exception_snapshot_win.cc(88)] thread ID 5304 not found in process
[0613/153236.316:WARNING:crash_report_exception_handler.cc(62)] ProcessSnapshotWin::Initialize failed
[0613/155540.061:ERROR:process_reader_win.cc(123)] NtOpenThread: {Access Denied} A process has requested access to an object, but has not been granted those access rights. (0xc0000022)
[0613/155540.089:ERROR:exception_snapshot_win.cc(88)] thread ID 20936 not found in process
[0613/155540.089:WARNING:crash_report_exception_handler.cc(62)] ProcessSnapshotWin::Initialize failed
[0613/155541.596:ERROR:process_reader_win.cc(123)] NtOpenThread: {Access Denied} A process has requested access to an object, but has not been granted those access rights. (0xc0000022)
[0613/155541.597:ERROR:exception_snapshot_win.cc(88)] thread ID 9056 not found in process
[0613/155541.597:WARNING:crash_report_exception_handler.cc(62)] ProcessSnapshotWin::Initialize failed
[0613/160349.068:ERROR:process_reader_win.cc(123)] NtOpenThread: {Access Denied} A process has requested access to an object, but has not been granted those access rights. (0xc0000022)
[0613/160349.070:ERROR:exception_snapshot_win.cc(88)] thread ID 9108 not found in process
[0613/160349.070:WARNING:crash_report_exception_handler.cc(62)] ProcessSnapshotWin::Initialize failed
[0613/160351.534:ERROR:process_reader_win.cc(123)] NtOpenThread: {Access Denied} A process has requested access to an object, but has not been granted those access rights. (0xc0000022)
[0613/160351.536:ERROR:exception_snapshot_win.cc(88)] thread ID 37484 not found in process
[0613/160351.536:WARNING:crash_report_exception_handler.cc(62)] ProcessSnapshotWin::Initialize failed
[0613/160640.376:ERROR:process_reader_win.cc(151)] SuspendThread: Access is denied. (0x5)
[0613/160640.377:ERROR:process_reader_win.cc(151)] SuspendThread: Access is denied. (0x5)
[0613/160640.377:ERROR:process_reader_win.cc(151)] SuspendThread: Access is denied. (0x5)
[0613/160640.377:ERROR:process_reader_win.cc(151)] SuspendThread: Access is denied. (0x5)
[0613/160640.377:ERROR:process_reader_win.cc(151)] SuspendThread: Access is denied. (0x5)
[0613/160640.377:ERROR:process_reader_win.cc(123)] NtOpenThread: {Access Denied} A process has requested access to an object, but has not been granted those access rights. (0xc0000022)
[0613/160640.377:ERROR:exception_snapshot_win.cc(88)] thread ID 27444 not found in process
[0613/160640.377:WARNING:crash_report_exception_handler.cc(62)] ProcessSnapshotWin::Initialize failed
[0613/160642.028:ERROR:process_reader_win.cc(151)] SuspendThread: Access is denied. (0x5)
[0613/160642.029:ERROR:process_reader_win.cc(151)] SuspendThread: Access is denied. (0x5)
[0613/160642.029:ERROR:process_reader_win.cc(123)] NtOpenThread: {Access Denied} A process has requested access to an object, but has not been granted those access rights. (0xc0000022)
[0613/160642.029:ERROR:exception_snapshot_win.cc(88)] thread ID 2572 not found in process
[0613/160642.029:WARNING:crash_report_exception_handler.cc(62)] ProcessSnapshotWin::Initialize failed
[0613/160643.482:ERROR:process_reader_win.cc(123)] NtOpenThread: {Access Denied} A process has requested access to an object, but has not been granted those access rights. (0xc0000022)
[0613/160643.483:ERROR:exception_snapshot_win.cc(88)] thread ID 22828 not found in process
[0613/160643.483:WARNING:crash_report_exception_handler.cc(62)] ProcessSnapshotWin::Initialize failed
[0613/160645.023:ERROR:process_reader_win.cc(123)] NtOpenThread: {Access Denied} A process has requested access to an object, but has not been granted those access rights. (0xc0000022)
[0613/160645.025:ERROR:exception_snapshot_win.cc(88)] thread ID 25672 not found in process
[0613/160645.025:WARNING:crash_report_exception_handler.cc(62)] ProcessSnapshotWin::Initialize failed
[0613/162027.622:ERROR:process_reader_win.cc(123)] NtOpenThread: {Access Denied} A process has requested access to an object, but has not been granted those access rights. (0xc0000022)
[0613/162027.623:ERROR:exception_snapshot_win.cc(88)] thread ID 31860 not found in process
[0613/162027.623:WARNING:crash_report_exception_handler.cc(62)] ProcessSnapshotWin::Initialize failed
[0613/162029.888:ERROR:process_reader_win.cc(123)] NtOpenThread: {Access Denied} A process has requested access to an object, but has not been granted those access rights. (0xc0000022)
[0613/162029.889:ERROR:exception_snapshot_win.cc(88)] thread ID 32308 not found in process
[0613/162029.889:WARNING:crash_report_exception_handler.cc(62)] ProcessSnapshotWin::Initialize failed
[0613/162031.845:ERROR:process_reader_win.cc(123)] NtOpenThread: {Access Denied} A process has requested access to an object, but has not been granted those access rights. (0xc0000022)
[0613/162031.847:ERROR:exception_snapshot_win.cc(88)] thread ID 12444 not found in process
[0613/162031.847:WARNING:crash_report_exception_handler.cc(62)] ProcessSnapshotWin::Initialize failed
[0613/162033.243:ERROR:process_reader_win.cc(123)] NtOpenThread: {Access Denied} A process has requested access to an object, but has not been granted those access rights. (0xc0000022)
[0613/162033.245:ERROR:exception_snapshot_win.cc(88)] thread ID 31652 not found in process
[0613/162033.245:WARNING:crash_report_exception_handler.cc(62)] ProcessSnapshotWin::Initialize failed
[0613/163251.839:ERROR:process_reader_win.cc(123)] NtOpenThread: {Access Denied} A process has requested access to an object, but has not been granted those access rights. (0xc0000022)
[0613/163251.866:ERROR:exception_snapshot_win.cc(88)] thread ID 5948 not found in process
[0613/163251.866:WARNING:crash_report_exception_handler.cc(62)] ProcessSnapshotWin::Initialize failed
[0613/165331.145:ERROR:process_reader_win.cc(123)] NtOpenThread: {Access Denied} A process has requested access to an object, but has not been granted those access rights. (0xc0000022)
[0613/165331.165:ERROR:exception_snapshot_win.cc(88)] thread ID 10544 not found in process
[0613/165331.165:WARNING:crash_report_exception_handler.cc(62)] ProcessSnapshotWin::Initialize failed
[0613/165332.906:ERROR:process_reader_win.cc(123)] NtOpenThread: {Access Denied} A process has requested access to an object, but has not been granted those access rights. (0xc0000022)
[0613/165332.907:ERROR:exception_snapshot_win.cc(88)] thread ID 9764 not found in process
[0613/165332.907:WARNING:crash_report_exception_handler.cc(62)] ProcessSnapshotWin::Initialize failed
[0613/165919.908:ERROR:process_reader_win.cc(123)] NtOpenThread: {Access Denied} A process has requested access to an object, but has not been granted those access rights. (0xc0000022)
[0613/165919.909:ERROR:exception_snapshot_win.cc(88)] thread ID 27548 not found in process
[0613/165919.909:WARNING:crash_report_exception_handler.cc(62)] ProcessSnapshotWin::Initialize failed
[0613/170924.693:ERROR:process_reader_win.cc(123)] NtOpenThread: {Access Denied} A process has requested access to an object, but has not been granted those access rights. (0xc0000022)
[0613/170924.784:ERROR:exception_snapshot_win.cc(88)] thread ID 23368 not found in process
[0613/170924.784:WARNING:crash_report_exception_handler.cc(62)] ProcessSnapshotWin::Initialize failed
[0613/170928.587:ERROR:process_reader_win.cc(123)] NtOpenThread: {Access Denied} A process has requested access to an object, but has not been granted those access rights. (0xc0000022)
[0613/170928.588:ERROR:exception_snapshot_win.cc(88)] thread ID 8168 not found in process
[0613/170928.588:WARNING:crash_report_exception_handler.cc(62)] ProcessSnapshotWin::Initialize failed
[0613/170928.589:ERROR:process_reader_win.cc(123)] NtOpenThread: {Access Denied} A process has requested access to an object, but has not been granted those access rights. (0xc0000022)
[0613/170928.591:ERROR:exception_snapshot_win.cc(88)] thread ID 11432 not found in process
[0613/170928.591:WARNING:crash_report_exception_handler.cc(62)] ProcessSnapshotWin::Initialize failed
[0613/171829.294:ERROR:process_reader_win.cc(123)] NtOpenThread: {Access Denied} A process has requested access to an object, but has not been granted those access rights. (0xc0000022)
[0613/171829.294:ERROR:process_reader_win.cc(123)] NtOpenThread: {Access Denied} A process has requested access to an object, but has not been granted those access rights. (0xc0000022)
[0613/171829.325:ERROR:exception_snapshot_win.cc(88)] thread ID 27352 not found in process
[0613/171829.325:ERROR:exception_snapshot_win.cc(88)] thread ID 10236 not found in process
[0613/171829.325:WARNING:crash_report_exception_handler.cc(62)] ProcessSnapshotWin::Initialize failed
[0613/171829.325:WARNING:crash_report_exception_handler.cc(62)] ProcessSnapshotWin::Initialize failed
[0613/173106.048:ERROR:process_reader_win.cc(123)] NtOpenThread: {Access Denied} A process has requested access to an object, but has not been granted those access rights. (0xc0000022)
[0613/173106.039:ERROR:process_reader_win.cc(123)] NtOpenThread: {Access Denied} A process has requested access to an object, but has not been granted those access rights. (0xc0000022)
[0613/173106.104:ERROR:exception_snapshot_win.cc(88)] thread ID 22484 not found in process
[0613/173106.104:ERROR:exception_snapshot_win.cc(88)] thread ID 15176 not found in process
[0613/173106.104:WARNING:crash_report_exception_handler.cc(62)] ProcessSnapshotWin::Initialize failed
[0613/173106.104:WARNING:crash_report_exception_handler.cc(62)] ProcessSnapshotWin::Initialize failed
[0613/181239.539:ERROR:process_reader_win.cc(123)] NtOpenThread: {Access Denied} A process has requested access to an object, but has not been granted those access rights. (0xc0000022)
[0613/181239.586:ERROR:exception_snapshot_win.cc(88)] thread ID 18240 not found in process
[0613/181239.586:WARNING:crash_report_exception_handler.cc(62)] ProcessSnapshotWin::Initialize failed
[0613/182310.819:ERROR:process_reader_win.cc(123)] NtOpenThread: {Access Denied} A process has requested access to an object, but has not been granted those access rights. (0xc0000022)
[0613/182310.891:ERROR:exception_snapshot_win.cc(88)] thread ID 11332 not found in process
[0613/182310.891:WARNING:crash_report_exception_handler.cc(62)] ProcessSnapshotWin::Initialize failed
[0613/182733.027:ERROR:process_reader_win.cc(123)] NtOpenThread: {Access Denied} A process has requested access to an object, but has not been granted those access rights. (0xc0000022)
[0613/182733.063:ERROR:exception_snapshot_win.cc(88)] thread ID 33788 not found in process
[0613/182733.063:WARNING:crash_report_exception_handler.cc(62)] ProcessSnapshotWin::Initialize failed
[0613/183809.741:ERROR:process_reader_win.cc(123)] NtOpenThread: {Access Denied} A process has requested access to an object, but has not been granted those access rights. (0xc0000022)
[0613/183809.810:ERROR:exception_snapshot_win.cc(88)] thread ID 5908 not found in process
[0613/183809.810:WARNING:crash_report_exception_handler.cc(62)] ProcessSnapshotWin::Initialize failed
[0613/183812.018:ERROR:process_reader_win.cc(123)] NtOpenThread: {Access Denied} A process has requested access to an object, but has not been granted those access rights. (0xc0000022)
[0613/183812.019:ERROR:exception_snapshot_win.cc(88)] thread ID 17772 not found in process
[0613/183812.019:WARNING:crash_report_exception_handler.cc(62)] ProcessSnapshotWin::Initialize failed
[0613/183813.793:ERROR:process_reader_win.cc(123)] NtOpenThread: {Access Denied} A process has requested access to an object, but has not been granted those access rights. (0xc0000022)
[0613/183813.794:ERROR:exception_snapshot_win.cc(88)] thread ID 13368 not found in process
[0613/183813.794:WARNING:crash_report_exception_handler.cc(62)] ProcessSnapshotWin::Initialize failed
[0613/185315.444:ERROR:process_reader_win.cc(123)] NtOpenThread: {Access Denied} A process has requested access to an object, but has not been granted those access rights. (0xc0000022)
[0613/185315.488:ERROR:exception_snapshot_win.cc(88)] thread ID 13380 not found in process
[0613/185315.489:WARNING:crash_report_exception_handler.cc(62)] ProcessSnapshotWin::Initialize failed
[0613/185809.766:ERROR:process_reader_win.cc(123)] NtOpenThread: {Access Denied} A process has requested access to an object, but has not been granted those access rights. (0xc0000022)
[0613/185809.768:ERROR:exception_snapshot_win.cc(88)] thread ID 36752 not found in process
[0613/185809.768:WARNING:crash_report_exception_handler.cc(62)] ProcessSnapshotWin::Initialize failed
[0613/190606.258:ERROR:process_reader_win.cc(151)] SuspendThread: Access is denied. (0x5)
[0613/190606.258:ERROR:process_reader_win.cc(123)] NtOpenThread: {Access Denied} A process has requested access to an object, but has not been granted those access rights. (0xc0000022)
[0613/190606.258:ERROR:process_reader_win.cc(123)] NtOpenThread: {Access Denied} A process has requested access to an object, but has not been granted those access rights. (0xc0000022)
[0613/190606.258:ERROR:process_reader_win.cc(123)] NtOpenThread: {Access Denied} A process has requested access to an object, but has not been granted those access rights. (0xc0000022)
[0613/190606.569:ERROR:exception_snapshot_win.cc(88)] thread ID 29896 not found in process
[0613/190606.569:ERROR:exception_snapshot_win.cc(88)] thread ID 9228 not found in process
[0613/190606.569:ERROR:exception_snapshot_win.cc(88)] thread ID 36140 not found in process
[0613/190606.569:WARNING:crash_report_exception_handler.cc(62)] ProcessSnapshotWin::Initialize failed
[0613/190606.569:WARNING:crash_report_exception_handler.cc(62)] ProcessSnapshotWin::Initialize failed
[0613/190606.569:WARNING:crash_report_exception_handler.cc(62)] ProcessSnapshotWin::Initialize failed
[0613/190606.569:ERROR:process_reader_win.cc(151)] SuspendThread: Access is denied. (0x5)
[0613/190606.570:ERROR:process_reader_win.cc(151)] SuspendThread: Access is denied. (0x5)
[0613/190606.570:ERROR:process_reader_win.cc(151)] SuspendThread: Access is denied. (0x5)
[0613/190606.570:ERROR:process_reader_win.cc(123)] NtOpenThread: {Access Denied} A process has requested access to an object, but has not been granted those access rights. (0xc0000022)
[0613/190606.570:ERROR:exception_snapshot_win.cc(88)] thread ID 7284 not found in process
[0613/190606.571:WARNING:crash_report_exception_handler.cc(62)] ProcessSnapshotWin::Initialize failed
[0613/190955.850:ERROR:process_reader_win.cc(123)] NtOpenThread: {Access Denied} A process has requested access to an object, but has not been granted those access rights. (0xc0000022)
[0613/190955.983:ERROR:exception_snapshot_win.cc(88)] thread ID 26024 not found in process
[0613/190955.983:WARNING:crash_report_exception_handler.cc(62)] ProcessSnapshotWin::Initialize failed
[0613/191242.203:ERROR:process_reader_win.cc(123)] NtOpenThread: {Access Denied} A process has requested access to an object, but has not been granted those access rights. (0xc0000022)
[0613/191242.216:ERROR:process_reader_win.cc(123)] NtOpenThread: {Access Denied} A process has requested access to an object, but has not been granted those access rights. (0xc0000022)
[0613/191242.248:ERROR:exception_snapshot_win.cc(88)] thread ID 27480 not found in process
[0613/191242.248:WARNING:crash_report_exception_handler.cc(62)] ProcessSnapshotWin::Initialize failed
[0613/191242.248:ERROR:exception_snapshot_win.cc(88)] thread ID 40600 not found in process
[0613/191242.249:WARNING:crash_report_exception_handler.cc(62)] ProcessSnapshotWin::Initialize failed
[0613/191659.543:ERROR:process_reader_win.cc(123)] NtOpenThread: {Access Denied} A process has requested access to an object, but has not been granted those access rights. (0xc0000022)
[0613/191659.650:ERROR:exception_snapshot_win.cc(88)] thread ID 36048 not found in process
[0613/191659.650:WARNING:crash_report_exception_handler.cc(62)] ProcessSnapshotWin::Initialize failed
[0613/191702.299:ERROR:process_reader_win.cc(123)] NtOpenThread: {Access Denied} A process has requested access to an object, but has not been granted those access rights. (0xc0000022)
[0613/191702.301:ERROR:exception_snapshot_win.cc(88)] thread ID 24848 not found in process
[0613/191702.301:WARNING:crash_report_exception_handler.cc(62)] ProcessSnapshotWin::Initialize failed
[0613/192017.506:ERROR:process_reader_win.cc(123)] NtOpenThread: {Access Denied} A process has requested access to an object, but has not been granted those access rights. (0xc0000022)
[0613/192017.686:ERROR:exception_snapshot_win.cc(88)] thread ID 32720 not found in process
[0613/192017.686:WARNING:crash_report_exception_handler.cc(62)] ProcessSnapshotWin::Initialize failed
[0613/192020.449:ERROR:process_reader_win.cc(123)] NtOpenThread: {Access Denied} A process has requested access to an object, but has not been granted those access rights. (0xc0000022)
[0613/192020.450:ERROR:exception_snapshot_win.cc(88)] thread ID 35724 not found in process
[0613/192020.450:WARNING:crash_report_exception_handler.cc(62)] ProcessSnapshotWin::Initialize failed
[0613/192338.770:ERROR:process_reader_win.cc(123)] NtOpenThread: {Access Denied} A process has requested access to an object, but has not been granted those access rights. (0xc0000022)
[0613/192338.813:ERROR:exception_snapshot_win.cc(88)] thread ID 28052 not found in process
[0613/192338.814:WARNING:crash_report_exception_handler.cc(62)] ProcessSnapshotWin::Initialize failed
[0613/192341.062:ERROR:process_reader_win.cc(123)] NtOpenThread: {Access Denied} A process has requested access to an object, but has not been granted those access rights. (0xc0000022)
[0613/192341.064:ERROR:exception_snapshot_win.cc(88)] thread ID 33692 not found in process
[0613/192341.064:WARNING:crash_report_exception_handler.cc(62)] ProcessSnapshotWin::Initialize failed
[0613/192752.899:ERROR:process_reader_win.cc(123)] NtOpenThread: {Access Denied} A process has requested access to an object, but has not been granted those access rights. (0xc0000022)
[0613/192752.924:ERROR:process_reader_win.cc(123)] NtOpenThread: {Access Denied} A process has requested access to an object, but has not been granted those access rights. (0xc0000022)
[0613/192752.944:ERROR:exception_snapshot_win.cc(88)] thread ID 13164 not found in process
[0613/192752.944:WARNING:crash_report_exception_handler.cc(62)] ProcessSnapshotWin::Initialize failed
[0613/192752.945:ERROR:exception_snapshot_win.cc(88)] thread ID 35892 not found in process
[0613/192752.945:WARNING:crash_report_exception_handler.cc(62)] ProcessSnapshotWin::Initialize failed
[0613/193143.387:ERROR:process_reader_win.cc(123)] NtOpenThread: {Access Denied} A process has requested access to an object, but has not been granted those access rights. (0xc0000022)
[0613/193143.389:ERROR:exception_snapshot_win.cc(88)] thread ID 28696 not found in process
[0613/193143.389:WARNING:crash_report_exception_handler.cc(62)] ProcessSnapshotWin::Initialize failed
[0613/193531.100:ERROR:process_reader_win.cc(123)] NtOpenThread: {Access Denied} A process has requested access to an object, but has not been granted those access rights. (0xc0000022)
[0613/193531.148:ERROR:exception_snapshot_win.cc(88)] thread ID 15496 not found in process
[0613/193531.148:WARNING:crash_report_exception_handler.cc(62)] ProcessSnapshotWin::Initialize failed
[0613/193533.057:ERROR:process_reader_win.cc(123)] NtOpenThread: {Access Denied} A process has requested access to an object, but has not been granted those access rights. (0xc0000022)
[0613/193533.059:ERROR:exception_snapshot_win.cc(88)] thread ID 26308 not found in process
[0613/193533.059:WARNING:crash_report_exception_handler.cc(62)] ProcessSnapshotWin::Initialize failed
[0613/195050.477:ERROR:process_reader_win.cc(123)] NtOpenThread: {Access Denied} A process has requested access to an object, but has not been granted those access rights. (0xc0000022)
[0613/195050.496:ERROR:exception_snapshot_win.cc(88)] thread ID 38028 not found in process
[0613/195050.496:WARNING:crash_report_exception_handler.cc(62)] ProcessSnapshotWin::Initialize failed
[0613/195050.527:ERROR:process_reader_win.cc(123)] NtOpenThread: {Access Denied} A process has requested access to an object, but has not been granted those access rights. (0xc0000022)
[0613/195050.530:ERROR:exception_snapshot_win.cc(88)] thread ID 6320 not found in process
[0613/195050.530:WARNING:crash_report_exception_handler.cc(62)] ProcessSnapshotWin::Initialize failed
[0614/005538.487:ERROR:process_reader_win.cc(123)] NtOpenThread: {Access Denied} A process has requested access to an object, but has not been granted those access rights. (0xc0000022)
[0614/005538.528:ERROR:exception_snapshot_win.cc(88)] thread ID 9956 not found in process
[0614/005538.529:WARNING:crash_report_exception_handler.cc(62)] ProcessSnapshotWin::Initialize failed
[0614/011456.161:ERROR:process_reader_win.cc(123)] NtOpenThread: {Access Denied} A process has requested access to an object, but has not been granted those access rights. (0xc0000022)
[0614/011456.183:ERROR:exception_snapshot_win.cc(88)] thread ID 460 not found in process
[0614/011456.183:WARNING:crash_report_exception_handler.cc(62)] ProcessSnapshotWin::Initialize failed
[0614/012023.461:ERROR:process_reader_win.cc(151)] SuspendThread: Access is denied. (0x5)
[0614/012023.462:ERROR:process_reader_win.cc(123)] NtOpenThread: {Access Denied} A process has requested access to an object, but has not been granted those access rights. (0xc0000022)
[0614/012023.462:ERROR:exception_snapshot_win.cc(88)] thread ID 10016 not found in process
[0614/012023.462:WARNING:crash_report_exception_handler.cc(62)] ProcessSnapshotWin::Initialize failed
[0614/013933.356:ERROR:process_reader_win.cc(151)] SuspendThread: Access is denied. (0x5)
[0614/013933.357:ERROR:process_reader_win.cc(151)] SuspendThread: Access is denied. (0x5)
[0614/013933.357:ERROR:process_reader_win.cc(151)] SuspendThread: Access is denied. (0x5)
[0614/013933.357:ERROR:process_reader_win.cc(151)] SuspendThread: Access is denied. (0x5)
[0614/013933.357:ERROR:process_reader_win.cc(151)] SuspendThread: Access is denied. (0x5)
[0614/013933.357:ERROR:process_reader_win.cc(151)] SuspendThread: Access is denied. (0x5)
[0614/013933.357:ERROR:process_reader_win.cc(123)] NtOpenThread: {Access Denied} A process has requested access to an object, but has not been granted those access rights. (0xc0000022)
[0614/013933.357:ERROR:exception_snapshot_win.cc(88)] thread ID 3988 not found in process
[0614/013933.357:WARNING:crash_report_exception_handler.cc(62)] ProcessSnapshotWin::Initialize failed
[0614/013933.355:ERROR:process_reader_win.cc(151)] SuspendThread: Access is denied. (0x5)
[0614/013933.359:ERROR:process_reader_win.cc(151)] SuspendThread: Access is denied. (0x5)
[0614/013933.360:ERROR:process_reader_win.cc(151)] SuspendThread: Access is denied. (0x5)
[0614/013933.360:ERROR:process_reader_win.cc(151)] SuspendThread: Access is denied. (0x5)
[0614/013933.360:ERROR:process_reader_win.cc(151)] SuspendThread: Access is denied. (0x5)
[0614/013933.360:ERROR:process_reader_win.cc(151)] SuspendThread: Access is denied. (0x5)
[0614/013933.360:ERROR:process_reader_win.cc(151)] SuspendThread: Access is denied. (0x5)
[0614/013933.360:ERROR:process_reader_win.cc(123)] NtOpenThread: {Access Denied} A process has requested access to an object, but has not been granted those access rights. (0xc0000022)
[0614/013933.360:ERROR:exception_snapshot_win.cc(88)] thread ID 7536 not found in process
[0614/013933.360:WARNING:crash_report_exception_handler.cc(62)] ProcessSnapshotWin::Initialize failed
[0614/013933.406:ERROR:process_reader_win.cc(151)] SuspendThread: Access is denied. (0x5)
[0614/013933.407:ERROR:process_reader_win.cc(151)] SuspendThread: Access is denied. (0x5)
[0614/013933.407:ERROR:process_reader_win.cc(151)] SuspendThread: Access is denied. (0x5)
[0614/013933.407:ERROR:process_reader_win.cc(151)] SuspendThread: Access is denied. (0x5)
[0614/013933.463:ERROR:process_reader_win.cc(123)] NtOpenThread: {Access Denied} A process has requested access to an object, but has not been granted those access rights. (0xc0000022)
[0614/013933.463:ERROR:exception_snapshot_win.cc(88)] thread ID 9640 not found in process
[0614/013933.464:WARNING:crash_report_exception_handler.cc(62)] ProcessSnapshotWin::Initialize failed
[0614/014527.567:ERROR:process_reader_win.cc(123)] NtOpenThread: {Access Denied} A process has requested access to an object, but has not been granted those access rights. (0xc0000022)
[0614/014527.567:ERROR:exception_snapshot_win.cc(88)] thread ID 9292 not found in process
[0614/014527.567:WARNING:crash_report_exception_handler.cc(62)] ProcessSnapshotWin::Initialize failed
[0614/014527.567:ERROR:process_reader_win.cc(123)] NtOpenThread: {Access Denied} A process has requested access to an object, but has not been granted those access rights. (0xc0000022)
[0614/014527.583:ERROR:exception_snapshot_win.cc(88)] thread ID 268 not found in process
[0614/014527.583:WARNING:crash_report_exception_handler.cc(62)] ProcessSnapshotWin::Initialize failed
[0614/014527.599:ERROR:process_reader_win.cc(123)] NtOpenThread: {Access Denied} A process has requested access to an object, but has not been granted those access rights. (0xc0000022)
[0614/014527.599:ERROR:exception_snapshot_win.cc(88)] thread ID 11052 not found in process
[0614/014527.599:WARNING:crash_report_exception_handler.cc(62)] ProcessSnapshotWin::Initialize failed
[0614/014527.599:ERROR:process_reader_win.cc(123)] NtOpenThread: {Access Denied} A process has requested access to an object, but has not been granted those access rights. (0xc0000022)
[0614/014527.599:ERROR:exception_snapshot_win.cc(88)] thread ID 9352 not found in process
[0614/014527.599:WARNING:crash_report_exception_handler.cc(62)] ProcessSnapshotWin::Initialize failed
[0614/015015.066:ERROR:process_reader_win.cc(123)] NtOpenThread: {Access Denied} A process has requested access to an object, but has not been granted those access rights. (0xc0000022)
[0614/015015.066:ERROR:exception_snapshot_win.cc(88)] thread ID 8128 not found in process
[0614/015015.066:WARNING:crash_report_exception_handler.cc(62)] ProcessSnapshotWin::Initialize failed
[0614/015015.066:ERROR:process_reader_win.cc(123)] NtOpenThread: {Access Denied} A process has requested access to an object, but has not been granted those access rights. (0xc0000022)
[0614/015015.066:ERROR:exception_snapshot_win.cc(88)] thread ID 7812 not found in process
[0614/015015.066:WARNING:crash_report_exception_handler.cc(62)] ProcessSnapshotWin::Initialize failed
[0614/015015.081:ERROR:process_reader_win.cc(123)] NtOpenThread: {Access Denied} A process has requested access to an object, but has not been granted those access rights. (0xc0000022)
[0614/015015.081:ERROR:exception_snapshot_win.cc(88)] thread ID 8624 not found in process
[0614/015015.081:WARNING:crash_report_exception_handler.cc(62)] ProcessSnapshotWin::Initialize failed
[0614/034657.631:ERROR:process_reader_win.cc(123)] NtOpenThread: {Access Denied} A process has requested access to an object, but has not been granted those access rights. (0xc0000022)
[0614/034657.625:ERROR:process_reader_win.cc(123)] NtOpenThread: {Access Denied} A process has requested access to an object, but has not been granted those access rights. (0xc0000022)
[0614/034657.702:ERROR:exception_snapshot_win.cc(88)] thread ID 4648 not found in process
[0614/034657.702:WARNING:crash_report_exception_handler.cc(62)] ProcessSnapshotWin::Initialize failed
[0614/034657.702:ERROR:exception_snapshot_win.cc(88)] thread ID 9992 not found in process
[0614/034657.704:WARNING:crash_report_exception_handler.cc(62)] ProcessSnapshotWin::Initialize failed
[0614/034657.629:ERROR:process_reader_win.cc(123)] NtOpenThread: {Access Denied} A process has requested access to an object, but has not been granted those access rights. (0xc0000022)
[0614/034657.704:ERROR:exception_snapshot_win.cc(88)] thread ID 9220 not found in process
[0614/034657.705:WARNING:crash_report_exception_handler.cc(62)] ProcessSnapshotWin::Initialize failed
[0614/035931.627:ERROR:process_reader_win.cc(123)] NtOpenThread: {Access Denied} A process has requested access to an object, but has not been granted those access rights. (0xc0000022)
[0614/035931.645:ERROR:exception_snapshot_win.cc(88)] thread ID 10028 not found in process
[0614/035931.645:WARNING:crash_report_exception_handler.cc(62)] ProcessSnapshotWin::Initialize failed
[0614/044804.113:ERROR:process_reader_win.cc(123)] NtOpenThread: {Access Denied} A process has requested access to an object, but has not been granted those access rights. (0xc0000022)
[0614/044804.143:ERROR:exception_snapshot_win.cc(88)] thread ID 7120 not found in process
[0614/044804.143:WARNING:crash_report_exception_handler.cc(62)] ProcessSnapshotWin::Initialize failed
[0614/045328.593:ERROR:process_reader_win.cc(151)] SuspendThread: Access is denied. (0x5)
[0614/045328.595:ERROR:process_reader_win.cc(151)] SuspendThread: Access is denied. (0x5)
[0614/045328.595:ERROR:process_reader_win.cc(123)] NtOpenThread: {Access Denied} A process has requested access to an object, but has not been granted those access rights. (0xc0000022)
[0614/045328.596:ERROR:exception_snapshot_win.cc(88)] thread ID 8204 not found in process
[0614/045328.596:WARNING:crash_report_exception_handler.cc(62)] ProcessSnapshotWin::Initialize failed
[0614/045328.599:ERROR:process_reader_win.cc(151)] SuspendThread: Access is denied. (0x5)
[0614/045328.599:ERROR:process_reader_win.cc(151)] SuspendThread: Access is denied. (0x5)
[0614/045328.601:ERROR:process_reader_win.cc(123)] NtOpenThread: {Access Denied} A process has requested access to an object, but has not been granted those access rights. (0xc0000022)
[0614/045328.601:ERROR:exception_snapshot_win.cc(88)] thread ID 10196 not found in process
[0614/045328.601:ERROR:process_reader_win.cc(123)] NtOpenThread: {Access Denied} A process has requested access to an object, but has not been granted those access rights. (0xc0000022)
[0614/045328.601:WARNING:crash_report_exception_handler.cc(62)] ProcessSnapshotWin::Initialize failed
[0614/045328.601:ERROR:exception_snapshot_win.cc(88)] thread ID 7656 not found in process
[0614/045328.601:WARNING:crash_report_exception_handler.cc(62)] ProcessSnapshotWin::Initialize failed
[0614/045328.619:ERROR:process_reader_win.cc(123)] NtOpenThread: {Access Denied} A process has requested access to an object, but has not been granted those access rights. (0xc0000022)
[0614/045328.621:ERROR:exception_snapshot_win.cc(88)] thread ID 4444 not found in process
[0614/045328.621:WARNING:crash_report_exception_handler.cc(62)] ProcessSnapshotWin::Initialize failed
[0614/050326.440:ERROR:process_reader_win.cc(123)] NtOpenThread: {Access Denied} A process has requested access to an object, but has not been granted those access rights. (0xc0000022)
[0614/050326.436:ERROR:process_reader_win.cc(123)] NtOpenThread: {Access Denied} A process has requested access to an object, but has not been granted those access rights. (0xc0000022)
[0614/050326.456:ERROR:process_reader_win.cc(123)] NtOpenThread: {Access Denied} A process has requested access to an object, but has not been granted those access rights. (0xc0000022)
[0614/050326.464:ERROR:exception_snapshot_win.cc(88)] thread ID 3724 not found in process
[0614/050326.464:ERROR:exception_snapshot_win.cc(88)] thread ID 9524 not found in process
[0614/050326.413:ERROR:process_reader_win.cc(123)] NtOpenThread: {Access Denied} A process has requested access to an object, but has not been granted those access rights. (0xc0000022)
[0614/050326.464:ERROR:exception_snapshot_win.cc(88)] thread ID 6640 not found in process
[0614/050326.464:WARNING:crash_report_exception_handler.cc(62)] ProcessSnapshotWin::Initialize failed
[0614/050326.464:WARNING:crash_report_exception_handler.cc(62)] ProcessSnapshotWin::Initialize failed
[0614/050326.464:ERROR:exception_snapshot_win.cc(88)] thread ID 6580 not found in process
[0614/050326.464:WARNING:crash_report_exception_handler.cc(62)] ProcessSnapshotWin::Initialize failed
[0614/050326.464:WARNING:crash_report_exception_handler.cc(62)] ProcessSnapshotWin::Initialize failed
[0614/050326.472:ERROR:process_reader_win.cc(123)] NtOpenThread: {Access Denied} A process has requested access to an object, but has not been granted those access rights. (0xc0000022)
[0614/050326.503:ERROR:exception_snapshot_win.cc(88)] thread ID 3428 not found in process
[0614/050326.504:WARNING:crash_report_exception_handler.cc(62)] ProcessSnapshotWin::Initialize failed
[0614/051239.981:ERROR:process_reader_win.cc(123)] NtOpenThread: {Access Denied} A process has requested access to an object, but has not been granted those access rights. (0xc0000022)
[0614/051239.981:ERROR:process_reader_win.cc(123)] NtOpenThread: {Access Denied} A process has requested access to an object, but has not been granted those access rights. (0xc0000022)
[0614/051239.981:ERROR:process_reader_win.cc(123)] NtOpenThread: {Access Denied} A process has requested access to an object, but has not been granted those access rights. (0xc0000022)
[0614/051239.981:ERROR:process_reader_win.cc(123)] NtOpenThread: {Access Denied} A process has requested access to an object, but has not been granted those access rights. (0xc0000022)
[0614/051242.708:ERROR:exception_snapshot_win.cc(88)] thread ID 11020 not found in process
[0614/051239.981:ERROR:process_reader_win.cc(123)] NtOpenThread: {Access Denied} A process has requested access to an object, but has not been granted those access rights. (0xc0000022)
[0614/051242.708:ERROR:exception_snapshot_win.cc(88)] thread ID 11628 not found in process
[0614/051242.708:ERROR:exception_snapshot_win.cc(88)] thread ID 13000 not found in process
[0614/051242.708:ERROR:exception_snapshot_win.cc(88)] thread ID 2772 not found in process
[0614/051242.708:ERROR:exception_snapshot_win.cc(88)] thread ID 13008 not found in process
[0614/051242.884:WARNING:crash_report_exception_handler.cc(62)] ProcessSnapshotWin::Initialize failed
[0614/051242.884:WARNING:crash_report_exception_handler.cc(62)] ProcessSnapshotWin::Initialize failed
[0614/051242.884:WARNING:crash_report_exception_handler.cc(62)] ProcessSnapshotWin::Initialize failed
[0614/051242.884:WARNING:crash_report_exception_handler.cc(62)] ProcessSnapshotWin::Initialize failed
[0614/051242.884:WARNING:crash_report_exception_handler.cc(62)] ProcessSnapshotWin::Initialize failed
[0614/051243.131:ERROR:scoped_process_suspend.cc(40)] NtResumeProcess: An attempt was made to access an exiting process. (0xc000010a)
[0614/051243.131:ERROR:scoped_process_suspend.cc(40)] NtResumeProcess: An attempt was made to access an exiting process. (0xc000010a)
[0614/051243.131:ERROR:scoped_process_suspend.cc(40)] NtResumeProcess: An attempt was made to access an exiting process. (0xc000010a)
[0614/051243.131:ERROR:scoped_process_suspend.cc(40)] NtResumeProcess: An attempt was made to access an exiting process. (0xc000010a)
[0614/051243.131:ERROR:scoped_process_suspend.cc(40)] NtResumeProcess: An attempt was made to access an exiting process. (0xc000010a)
[0614/052212.007:ERROR:process_reader_win.cc(123)] NtOpenThread: {Access Denied} A process has requested access to an object, but has not been granted those access rights. (0xc0000022)
[0614/052212.007:ERROR:process_reader_win.cc(123)] NtOpenThread: {Access Denied} A process has requested access to an object, but has not been granted those access rights. (0xc0000022)
[0614/052212.007:ERROR:process_reader_win.cc(123)] NtOpenThread: {Access Denied} A process has requested access to an object, but has not been granted those access rights. (0xc0000022)
[0614/052212.007:ERROR:process_reader_win.cc(123)] NtOpenThread: {Access Denied} A process has requested access to an object, but has not been granted those access rights. (0xc0000022)
[0614/052212.044:ERROR:exception_snapshot_win.cc(88)] thread ID 7112 not found in process
[0614/052212.044:ERROR:exception_snapshot_win.cc(88)] thread ID 12904 not found in process
[0614/052212.044:ERROR:exception_snapshot_win.cc(88)] thread ID 9436 not found in process
[0614/052212.044:WARNING:crash_report_exception_handler.cc(62)] ProcessSnapshotWin::Initialize failed
[0614/052212.044:ERROR:exception_snapshot_win.cc(88)] thread ID 7176 not found in process
[0614/052212.044:WARNING:crash_report_exception_handler.cc(62)] ProcessSnapshotWin::Initialize failed
[0614/052212.044:WARNING:crash_report_exception_handler.cc(62)] ProcessSnapshotWin::Initialize failed
[0614/052212.080:WARNING:crash_report_exception_handler.cc(62)] ProcessSnapshotWin::Initialize failed
[0614/054408.209:ERROR:process_reader_win.cc(123)] NtOpenThread: {Access Denied} A process has requested access to an object, but has not been granted those access rights. (0xc0000022)
[0614/054408.252:ERROR:exception_snapshot_win.cc(88)] thread ID 6796 not found in process
[0614/054408.252:WARNING:crash_report_exception_handler.cc(62)] ProcessSnapshotWin::Initialize failed
[0614/163611.184:ERROR:process_reader_win.cc(123)] NtOpenThread: {Access Denied} A process has requested access to an object, but has not been granted those access rights. (0xc0000022)
[0614/163611.423:ERROR:exception_snapshot_win.cc(88)] thread ID 7932 not found in process
[0614/163611.423:WARNING:crash_report_exception_handler.cc(62)] ProcessSnapshotWin::Initialize failed
[0614/164556.555:ERROR:process_reader_win.cc(151)] SuspendThread: Access is denied. (0x5)
[0614/164556.556:ERROR:process_reader_win.cc(151)] SuspendThread: Access is denied. (0x5)
[0614/164556.556:ERROR:process_reader_win.cc(151)] SuspendThread: Access is denied. (0x5)
[0614/164556.556:ERROR:process_reader_win.cc(123)] NtOpenThread: {Access Denied} A process has requested access to an object, but has not been granted those access rights. (0xc0000022)
[0614/164556.557:ERROR:exception_snapshot_win.cc(88)] thread ID 9480 not found in process
[0614/164556.557:WARNING:crash_report_exception_handler.cc(62)] ProcessSnapshotWin::Initialize failed
[0614/164556.572:ERROR:process_reader_win.cc(151)] SuspendThread: Access is denied. (0x5)
[0614/164556.573:ERROR:process_reader_win.cc(151)] SuspendThread: Access is denied. (0x5)
[0614/164556.573:ERROR:process_reader_win.cc(151)] SuspendThread: Access is denied. (0x5)
[0614/164556.573:ERROR:process_reader_win.cc(123)] NtOpenThread: {Access Denied} A process has requested access to an object, but has not been granted those access rights. (0xc0000022)
[0614/164556.574:ERROR:exception_snapshot_win.cc(88)] thread ID 2380 not found in process
[0614/164556.574:WARNING:crash_report_exception_handler.cc(62)] ProcessSnapshotWin::Initialize failed
[0614/165232.960:ERROR:process_reader_win.cc(123)] NtOpenThread: {Access Denied} A process has requested access to an object, but has not been granted those access rights. (0xc0000022)
[0614/165232.962:ERROR:exception_snapshot_win.cc(88)] thread ID 11496 not found in process
[0614/165232.962:WARNING:crash_report_exception_handler.cc(62)] ProcessSnapshotWin::Initialize failed
[0614/165233.001:ERROR:process_reader_win.cc(123)] NtOpenThread: {Access Denied} A process has requested access to an object, but has not been granted those access rights. (0xc0000022)
[0614/165233.003:ERROR:exception_snapshot_win.cc(88)] thread ID 9084 not found in process
[0614/165233.003:WARNING:crash_report_exception_handler.cc(62)] ProcessSnapshotWin::Initialize failed
[0614/165233.006:ERROR:process_reader_win.cc(123)] NtOpenThread: {Access Denied} A process has requested access to an object, but has not been granted those access rights. (0xc0000022)
[0614/165233.008:ERROR:exception_snapshot_win.cc(88)] thread ID 11600 not found in process
[0614/165233.008:WARNING:crash_report_exception_handler.cc(62)] ProcessSnapshotWin::Initialize failed
[0614/165718.950:ERROR:process_reader_win.cc(151)] SuspendThread: Access is denied. (0x5)
[0614/165718.952:ERROR:process_reader_win.cc(151)] SuspendThread: Access is denied. (0x5)
[0614/165718.952:ERROR:process_reader_win.cc(151)] SuspendThread: Access is denied. (0x5)
[0614/165718.952:ERROR:process_reader_win.cc(151)] SuspendThread: Access is denied. (0x5)
[0614/165718.952:ERROR:process_reader_win.cc(151)] SuspendThread: Access is denied. (0x5)
[0614/165718.952:ERROR:process_reader_win.cc(151)] SuspendThread: Access is denied. (0x5)
[0614/165718.952:ERROR:process_reader_win.cc(123)] NtOpenThread: {Access Denied} A process has requested access to an object, but has not been granted those access rights. (0xc0000022)
[0614/165718.953:ERROR:exception_snapshot_win.cc(88)] thread ID 12132 not found in process
[0614/165718.953:WARNING:crash_report_exception_handler.cc(62)] ProcessSnapshotWin::Initialize failed
[0614/165718.988:ERROR:process_reader_win.cc(151)] SuspendThread: Access is denied. (0x5)
[0614/165718.989:ERROR:process_reader_win.cc(151)] SuspendThread: Access is denied. (0x5)
[0614/165718.989:ERROR:process_reader_win.cc(151)] SuspendThread: Access is denied. (0x5)
[0614/165718.990:ERROR:process_reader_win.cc(151)] SuspendThread: Access is denied. (0x5)
[0614/165718.990:ERROR:process_reader_win.cc(123)] NtOpenThread: {Access Denied} A process has requested access to an object, but has not been granted those access rights. (0xc0000022)
[0614/165718.990:ERROR:exception_snapshot_win.cc(88)] thread ID 3532 not found in process
[0614/165718.990:WARNING:crash_report_exception_handler.cc(62)] ProcessSnapshotWin::Initialize failed
[0614/165719.013:ERROR:process_reader_win.cc(151)] SuspendThread: Access is denied. (0x5)
[0614/165719.015:ERROR:process_reader_win.cc(151)] SuspendThread: Access is denied. (0x5)
[0614/165719.015:ERROR:process_reader_win.cc(151)] SuspendThread: Access is denied. (0x5)
[0614/165719.015:ERROR:process_reader_win.cc(151)] SuspendThread: Access is denied. (0x5)
[0614/165719.015:ERROR:process_reader_win.cc(151)] SuspendThread: Access is denied. (0x5)
[0614/165719.015:ERROR:process_reader_win.cc(123)] NtOpenThread: {Access Denied} A process has requested access to an object, but has not been granted those access rights. (0xc0000022)
[0614/165719.016:ERROR:exception_snapshot_win.cc(88)] thread ID 6960 not found in process
[0614/165719.016:WARNING:crash_report_exception_handler.cc(62)] ProcessSnapshotWin::Initialize failed
[0614/170059.685:ERROR:process_reader_win.cc(123)] NtOpenThread: {Access Denied} A process has requested access to an object, but has not been granted those access rights. (0xc0000022)
[0614/170059.687:ERROR:exception_snapshot_win.cc(88)] thread ID 12516 not found in process
[0614/170059.687:WARNING:crash_report_exception_handler.cc(62)] ProcessSnapshotWin::Initialize failed
[0614/170059.692:ERROR:process_reader_win.cc(123)] NtOpenThread: {Access Denied} A process has requested access to an object, but has not been granted those access rights. (0xc0000022)
[0614/170059.695:ERROR:exception_snapshot_win.cc(88)] thread ID 10664 not found in process
[0614/170059.695:WARNING:crash_report_exception_handler.cc(62)] ProcessSnapshotWin::Initialize failed
[0614/170521.640:ERROR:process_reader_win.cc(123)] NtOpenThread: {Access Denied} A process has requested access to an object, but has not been granted those access rights. (0xc0000022)
[0614/170521.763:ERROR:exception_snapshot_win.cc(88)] thread ID 8736 not found in process
[0614/170521.763:WARNING:crash_report_exception_handler.cc(62)] ProcessSnapshotWin::Initialize failed
[0614/171159.795:ERROR:process_reader_win.cc(123)] NtOpenThread: {Access Denied} A process has requested access to an object, but has not been granted those access rights. (0xc0000022)
[0614/171159.837:ERROR:process_reader_win.cc(123)] NtOpenThread: {Access Denied} A process has requested access to an object, but has not been granted those access rights. (0xc0000022)
[0614/171159.850:ERROR:exception_snapshot_win.cc(88)] thread ID 8944 not found in process
[0614/171159.851:WARNING:crash_report_exception_handler.cc(62)] ProcessSnapshotWin::Initialize failed
[0614/171159.851:ERROR:exception_snapshot_win.cc(88)] thread ID 8856 not found in process
[0614/171159.852:WARNING:crash_report_exception_handler.cc(62)] ProcessSnapshotWin::Initialize failed
[0614/171752.212:ERROR:process_reader_win.cc(123)] NtOpenThread: {Access Denied} A process has requested access to an object, but has not been granted those access rights. (0xc0000022)
[0614/171752.254:ERROR:process_reader_win.cc(123)] NtOpenThread: {Access Denied} A process has requested access to an object, but has not been granted those access rights. (0xc0000022)
[0614/171752.274:ERROR:exception_snapshot_win.cc(88)] thread ID 10936 not found in process
[0614/171752.256:ERROR:process_reader_win.cc(123)] NtOpenThread: {Access Denied} A process has requested access to an object, but has not been granted those access rights. (0xc0000022)
[0614/171752.273:ERROR:process_reader_win.cc(123)] NtOpenThread: {Access Denied} A process has requested access to an object, but has not been granted those access rights. (0xc0000022)
[0614/171752.274:ERROR:exception_snapshot_win.cc(88)] thread ID 2584 not found in process
[0614/171752.274:WARNING:crash_report_exception_handler.cc(62)] ProcessSnapshotWin::Initialize failed
[0614/171752.274:ERROR:exception_snapshot_win.cc(88)] thread ID 11360 not found in process
[0614/171752.274:ERROR:exception_snapshot_win.cc(88)] thread ID 13200 not found in process
[0614/171752.274:WARNING:crash_report_exception_handler.cc(62)] ProcessSnapshotWin::Initialize failed
[0614/171752.274:WARNING:crash_report_exception_handler.cc(62)] ProcessSnapshotWin::Initialize failed
[0614/171752.274:WARNING:crash_report_exception_handler.cc(62)] ProcessSnapshotWin::Initialize failed
[0614/174613.334:ERROR:process_reader_win.cc(123)] NtOpenThread: {Access Denied} A process has requested access to an object, but has not been granted those access rights. (0xc0000022)
[0614/174613.335:ERROR:process_reader_win.cc(123)] NtOpenThread: {Access Denied} A process has requested access to an object, but has not been granted those access rights. (0xc0000022)
[0614/174613.998:ERROR:exception_snapshot_win.cc(88)] thread ID 2364 not found in process
[0614/174613.998:ERROR:exception_snapshot_win.cc(88)] thread ID 12700 not found in process
[0614/174613.998:WARNING:crash_report_exception_handler.cc(62)] ProcessSnapshotWin::Initialize failed
[0614/174613.998:WARNING:crash_report_exception_handler.cc(62)] ProcessSnapshotWin::Initialize failed
[0614/175855.520:ERROR:process_reader_win.cc(123)] NtOpenThread: {Access Denied} A process has requested access to an object, but has not been granted those access rights. (0xc0000022)
[0614/175855.580:ERROR:exception_snapshot_win.cc(88)] thread ID 13764 not found in process
[0614/175855.580:WARNING:crash_report_exception_handler.cc(62)] ProcessSnapshotWin::Initialize failed
[0614/180703.285:ERROR:process_reader_win.cc(123)] NtOpenThread: {Access Denied} A process has requested access to an object, but has not been granted those access rights. (0xc0000022)
[0614/180703.285:ERROR:process_reader_win.cc(123)] NtOpenThread: {Access Denied} A process has requested access to an object, but has not been granted those access rights. (0xc0000022)
[0614/180703.329:ERROR:exception_snapshot_win.cc(88)] thread ID 14160 not found in process
[0614/180703.329:WARNING:crash_report_exception_handler.cc(62)] ProcessSnapshotWin::Initialize failed
[0614/180703.329:ERROR:exception_snapshot_win.cc(88)] thread ID 3540 not found in process
[0614/180703.330:WARNING:crash_report_exception_handler.cc(62)] ProcessSnapshotWin::Initialize failed
[0614/181213.123:ERROR:process_reader_win.cc(123)] NtOpenThread: {Access Denied} A process has requested access to an object, but has not been granted those access rights. (0xc0000022)
[0614/181213.123:ERROR:process_reader_win.cc(123)] NtOpenThread: {Access Denied} A process has requested access to an object, but has not been granted those access rights. (0xc0000022)
[0614/181213.158:ERROR:exception_snapshot_win.cc(88)] thread ID 11120 not found in process
[0614/181213.158:ERROR:exception_snapshot_win.cc(88)] thread ID 10364 not found in process
[0614/181213.123:ERROR:process_reader_win.cc(123)] NtOpenThread: {Access Denied} A process has requested access to an object, but has not been granted those access rights. (0xc0000022)
[0614/181213.158:ERROR:exception_snapshot_win.cc(88)] thread ID 2364 not found in process
[0614/181213.123:ERROR:process_reader_win.cc(123)] NtOpenThread: {Access Denied} A process has requested access to an object, but has not been granted those access rights. (0xc0000022)
[0614/181213.158:WARNING:crash_report_exception_handler.cc(62)] ProcessSnapshotWin::Initialize failed
[0614/181213.159:WARNING:crash_report_exception_handler.cc(62)] ProcessSnapshotWin::Initialize failed
[0614/181213.159:WARNING:crash_report_exception_handler.cc(62)] ProcessSnapshotWin::Initialize failed
[0614/181213.159:ERROR:exception_snapshot_win.cc(88)] thread ID 13596 not found in process
[0614/181213.159:WARNING:crash_report_exception_handler.cc(62)] ProcessSnapshotWin::Initialize failed
[0614/181934.410:ERROR:process_reader_win.cc(123)] NtOpenThread: {Access Denied} A process has requested access to an object, but has not been granted those access rights. (0xc0000022)
[0614/181934.413:ERROR:exception_snapshot_win.cc(88)] thread ID 6900 not found in process
[0614/181934.413:WARNING:crash_report_exception_handler.cc(62)] ProcessSnapshotWin::Initialize failed
[0614/181934.435:ERROR:process_reader_win.cc(123)] NtOpenThread: {Access Denied} A process has requested access to an object, but has not been granted those access rights. (0xc0000022)
[0614/181934.436:ERROR:exception_snapshot_win.cc(88)] thread ID 3652 not found in process
[0614/181934.436:WARNING:crash_report_exception_handler.cc(62)] ProcessSnapshotWin::Initialize failed
[0614/181934.439:ERROR:process_reader_win.cc(123)] NtOpenThread: {Access Denied} A process has requested access to an object, but has not been granted those access rights. (0xc0000022)
[0614/181934.441:ERROR:exception_snapshot_win.cc(88)] thread ID 8416 not found in process
[0614/181934.441:WARNING:crash_report_exception_handler.cc(62)] ProcessSnapshotWin::Initialize failed
[0614/184914.278:ERROR:process_reader_win.cc(123)] NtOpenThread: {Access Denied} A process has requested access to an object, but has not been granted those access rights. (0xc0000022)
[0614/184914.279:ERROR:exception_snapshot_win.cc(88)] thread ID 10108 not found in process
[0614/184914.279:WARNING:crash_report_exception_handler.cc(62)] ProcessSnapshotWin::Initialize failed
[0614/192609.823:ERROR:process_reader_win.cc(123)] NtOpenThread: {Access Denied} A process has requested access to an object, but has not been granted those access rights. (0xc0000022)
[0614/192609.980:ERROR:exception_snapshot_win.cc(88)] thread ID 8052 not found in process
[0614/192609.980:WARNING:crash_report_exception_handler.cc(62)] ProcessSnapshotWin::Initialize failed
[0614/193139.243:ERROR:process_reader_win.cc(123)] NtOpenThread: {Access Denied} A process has requested access to an object, but has not been granted those access rights. (0xc0000022)
[0614/193139.244:ERROR:exception_snapshot_win.cc(88)] thread ID 13348 not found in process
[0614/193139.244:WARNING:crash_report_exception_handler.cc(62)] ProcessSnapshotWin::Initialize failed
[0614/212517.166:ERROR:process_reader_win.cc(123)] NtOpenThread: {Access Denied} A process has requested access to an object, but has not been granted those access rights. (0xc0000022)
[0614/212517.222:ERROR:exception_snapshot_win.cc(88)] thread ID 12404 not found in process
[0614/212517.222:WARNING:crash_report_exception_handler.cc(62)] ProcessSnapshotWin::Initialize failed
[0614/213419.424:ERROR:process_reader_win.cc(123)] NtOpenThread: {Access Denied} A process has requested access to an object, but has not been granted those access rights. (0xc0000022)
[0614/213419.496:ERROR:exception_snapshot_win.cc(88)] thread ID 13712 not found in process
[0614/213419.496:WARNING:crash_report_exception_handler.cc(62)] ProcessSnapshotWin::Initialize failed
[0614/220554.884:ERROR:process_reader_win.cc(123)] NtOpenThread: {Access Denied} A process has requested access to an object, but has not been granted those access rights. (0xc0000022)
[0614/220554.990:ERROR:exception_snapshot_win.cc(88)] thread ID 11436 not found in process
[0614/220554.990:WARNING:crash_report_exception_handler.cc(62)] ProcessSnapshotWin::Initialize failed
[0614/223459.206:ERROR:process_reader_win.cc(123)] NtOpenThread: {Access Denied} A process has requested access to an object, but has not been granted those access rights. (0xc0000022)
[0614/223459.245:ERROR:exception_snapshot_win.cc(88)] thread ID 12876 not found in process
[0614/223459.245:WARNING:crash_report_exception_handler.cc(62)] ProcessSnapshotWin::Initialize failed
[0615/123421.678:ERROR:process_reader_win.cc(123)] NtOpenThread: {Access Denied} A process has requested access to an object, but has not been granted those access rights. (0xc0000022)
[0615/123421.714:ERROR:exception_snapshot_win.cc(88)] thread ID 12212 not found in process
[0615/130206.208:ERROR:process_reader_win.cc(123)] NtOpenThread: {Access Denied} A process has requested access to an object, but has not been granted those access rights. (0xc0000022)
[0615/130206.212:ERROR:process_reader_win.cc(123)] NtOpenThread: {Access Denied} A process has requested access to an object, but has not been granted those access rights. (0xc0000022)
[0615/130206.245:ERROR:exception_snapshot_win.cc(88)] thread ID 8092 not found in process
[0615/130206.245:ERROR:exception_snapshot_win.cc(88)] thread ID 5876 not found in process
[0615/131317.785:ERROR:process_reader_win.cc(123)] NtOpenThread: {Access Denied} A process has requested access to an object, but has not been granted those access rights. (0xc0000022)
[0615/131317.794:ERROR:process_reader_win.cc(123)] NtOpenThread: {Access Denied} A process has requested access to an object, but has not been granted those access rights. (0xc0000022)
[0615/131317.824:ERROR:exception_snapshot_win.cc(88)] thread ID 10436 not found in process
[0615/131317.824:ERROR:exception_snapshot_win.cc(88)] thread ID 12812 not found in process
[0615/131945.793:ERROR:process_reader_win.cc(123)] NtOpenThread: {Access Denied} A process has requested access to an object, but has not been granted those access rights. (0xc0000022)
[0615/131945.840:ERROR:exception_snapshot_win.cc(88)] thread ID 5448 not found in process
[0615/141610.984:ERROR:process_reader_win.cc(123)] NtOpenThread: {Access Denied} A process has requested access to an object, but has not been granted those access rights. (0xc0000022)
[0615/141611.021:ERROR:exception_snapshot_win.cc(88)] thread ID 12712 not found in process
[0615/143026.237:ERROR:process_reader_win.cc(151)] SuspendThread: Access is denied. (0x5)
[0615/143026.239:ERROR:process_reader_win.cc(123)] NtOpenThread: {Access Denied} A process has requested access to an object, but has not been granted those access rights. (0xc0000022)
[0615/143026.239:ERROR:exception_snapshot_win.cc(88)] thread ID 5660 not found in process
[0615/143026.239:ERROR:process_reader_win.cc(151)] SuspendThread: Access is denied. (0x5)
[0615/143026.240:ERROR:process_reader_win.cc(151)] SuspendThread: Access is denied. (0x5)
[0615/143026.241:ERROR:process_reader_win.cc(151)] SuspendThread: Access is denied. (0x5)
[0615/143026.241:ERROR:process_reader_win.cc(123)] NtOpenThread: {Access Denied} A process has requested access to an object, but has not been granted those access rights. (0xc0000022)
[0615/143026.241:ERROR:exception_snapshot_win.cc(88)] thread ID 6380 not found in process
[0615/143026.259:ERROR:process_reader_win.cc(151)] SuspendThread: Access is denied. (0x5)
[0615/143026.261:ERROR:process_reader_win.cc(151)] SuspendThread: Access is denied. (0x5)
[0615/143026.261:ERROR:process_reader_win.cc(151)] SuspendThread: Access is denied. (0x5)
[0615/143026.261:ERROR:process_reader_win.cc(123)] NtOpenThread: {Access Denied} A process has requested access to an object, but has not been granted those access rights. (0xc0000022)
[0615/143026.262:ERROR:exception_snapshot_win.cc(88)] thread ID 12468 not found in process
[0615/144047.061:ERROR:process_reader_win.cc(123)] NtOpenThread: {Access Denied} A process has requested access to an object, but has not been granted those access rights. (0xc0000022)
[0615/144047.061:ERROR:exception_snapshot_win.cc(88)] thread ID 6272 not found in process
[0615/144047.076:ERROR:process_reader_win.cc(123)] NtOpenThread: {Access Denied} A process has requested access to an object, but has not been granted those access rights. (0xc0000022)
[0615/144047.076:ERROR:exception_snapshot_win.cc(88)] thread ID 972 not found in process
[0615/145019.004:ERROR:process_reader_win.cc(123)] NtOpenThread: {Access Denied} A process has requested access to an object, but has not been granted those access rights. (0xc0000022)
[0615/145019.006:ERROR:exception_snapshot_win.cc(88)] thread ID 9880 not found in process
[0615/150205.404:ERROR:process_reader_win.cc(123)] NtOpenThread: {Access Denied} A process has requested access to an object, but has not been granted those access rights. (0xc0000022)
[0615/150205.406:ERROR:exception_snapshot_win.cc(88)] thread ID 13332 not found in process
[0615/150855.106:ERROR:process_reader_win.cc(123)] NtOpenThread: {Access Denied} A process has requested access to an object, but has not been granted those access rights. (0xc0000022)
[0615/150855.151:ERROR:exception_snapshot_win.cc(88)] thread ID 14128 not found in process
